<?xml version='1.0' encoding='utf-8'?>
<testsuites name="cocotb tests"><testsuite name="test_axil" errors="0" failures="0" skipped="1" tests="23" time="0.128" timestamp="2026-09-07T07:25:43.872752+00:00" hostname="archlinux"><testcase classname="test_axil" name="write_read_all_regs/idle_inserter=None/backpressure_inserter=None" time="0.008"><properties><property name="cocotb" value="True" /><property name="random_seed" value="1788765943" /><property name="file" value="/home/kate/src/repos/FPGA-accelerated-triangle-optimizer/FPGA/test_axil.py" /><property name="line" value="108" /><property name="sim_time_unit" value="ns" /><property name="sim_time_start" value="0.0" /><property name="sim_time_stop" value="400.0" /><property name="sim_time_duration" value="400.0" /><property name="sim_time_ratio" value="48552.50418971665" /></properties></testcase><testcase classname="test_axil" name="write_read_all_regs/idle_inserter=None/backpressure_inserter=cycle_pause" time="0.007"><properties><property name="cocotb" value="True" /><property name="random_seed" value="1788765943" /><property name="file" value="/home/kate/src/repos/FPGA-accelerated-triangle-optimizer/FPGA/test_axil.py" /><property name="line" value="108" /><property name="sim_time_unit" value="ns" /><property name="sim_time_start" value="400.001" /><property name="sim_time_stop" value="870.001" /><property name="sim_time_duration" value="470.0" /><property name="sim_time_ratio" value="66319.99667912896" /></properties></testcase><testcase classname="test_axil" name="write_read_all_regs/idle_inserter=cycle_pause/backpressure_inserter=None" time="0.007"><properties><property name="cocotb" value="True" /><property name="random_seed" value="1788765943" /><property name="file" value="/home/kate/src/repos/FPGA-accelerated-triangle-optimizer/FPGA/test_axil.py" /><property name="line" value="108" /><property name="sim_time_unit" value="ns" /><property name="sim_time_start" value="870.002" /><property name="sim_time_stop" value="1340.002" /><property name="sim_time_duration" value="470.0" /><property name="sim_time_ratio" value="72146.34008647673" /></properties></testcase><testcase classname="test_axil" name="write_read_all_regs/idle_inserter=cycle_pause/backpressure_inserter=cycle_pause" time="0.008"><properties><property name="cocotb" value="True" /><property name="random_seed" value="1788765943" /><property name="file" value="/home/kate/src/repos/FPGA-accelerated-triangle-optimizer/FPGA/test_axil.py" /><property name="line" value="108" /><property name="sim_time_unit" value="ns" /><property name="sim_time_start" value="1340.003" /><property name="sim_time_stop" value="2010.003" /><property name="sim_time_duration" value="670.0" /><property name="sim_time_ratio" value="82469.71954364392" /></properties></testcase><testcase classname="test_axil" name="reset_regs/idle_inserter=None/backpressure_inserter=None" time="0.007"><properties><property name="cocotb" value="True" /><property name="random_seed" value="1788765943" /><property name="file" value="/home/kate/src/repos/FPGA-accelerated-triangle-optimizer/FPGA/test_axil.py" /><property name="line" value="127" /><property name="sim_time_unit" value="ns" /><property name="sim_time_start" value="2010.004" /><property name="sim_time_stop" value="2480.004" /><property name="sim_time_duration" value="470.0" /><property name="sim_time_ratio" value="68279.01029334255" /></properties></testcase><testcase classname="test_axil" name="reset_regs/idle_inserter=None/backpressure_inserter=cycle_pause" time="0.008"><properties><property name="cocotb" value="True" /><property name="random_seed" value="1788765943" /><property name="file" value="/home/kate/src/repos/FPGA-accelerated-triangle-optimizer/FPGA/test_axil.py" /><property name="line" value="127" /><property name="sim_time_unit" value="ns" /><property name="sim_time_start" value="2480.005" /><property name="sim_time_stop" value="3030.005" /><property name="sim_time_duration" value="550.0" /><property name="sim_time_ratio" value="68898.20820857272" /></properties></testcase><testcase classname="test_axil" name="reset_regs/idle_inserter=cycle_pause/backpressure_inserter=None" time="0.007"><properties><property name="cocotb" value="True" /><property name="random_seed" value="1788765943" /><property name="file" value="/home/kate/src/repos/FPGA-accelerated-triangle-optimizer/FPGA/test_axil.py" /><property name="line" value="127" /><property name="sim_time_unit" value="ns" /><property name="sim_time_start" value="3030.006" /><property name="sim_time_stop" value="3580.006" /><property name="sim_time_duration" value="550.0" /><property name="sim_time_ratio" value="73694.87098666602" /></properties></testcase><testcase classname="test_axil" name="reset_regs/idle_inserter=cycle_pause/backpressure_inserter=cycle_pause" time="0.009"><properties><property name="cocotb" value="True" /><property name="random_seed" value="1788765943" /><property name="file" value="/home/kate/src/repos/FPGA-accelerated-triangle-optimizer/FPGA/test_axil.py" /><property name="line" value="127" /><property name="sim_time_unit" value="ns" /><property name="sim_time_start" value="3580.007" /><property name="sim_time_stop" value="4330.007" /><property name="sim_time_duration" value="749.9999999999995" /><property name="sim_time_ratio" value="82112.745666748" /></properties></testcase><testcase classname="test_axil" name="partial_writes" time="0.000"><skipped message="Test was skipped" /><properties><property name="cocotb" value="True" /><property name="file" value="/home/kate/src/repos/FPGA-accelerated-triangle-optimizer/FPGA/test_axil.py" /><property name="line" value="147" /></properties></testcase><testcase classname="test_axil" name="write_delta_sse_and_read/idle_inserter=None/backpressure_inserter=None" time="0.004"><properties><property name="cocotb" value="True" /><property name="random_seed" value="1788765943" /><property name="file" value="/home/kate/src/repos/FPGA-accelerated-triangle-optimizer/FPGA/test_axil.py" /><property name="line" value="151" /><property name="sim_time_unit" value="ns" /><property name="sim_time_start" value="4330.008" /><property name="sim_time_stop" value="4450.008" /><property name="sim_time_duration" value="120.0" /><property name="sim_time_ratio" value="30648.36628037974" /></properties></testcase><testcase classname="test_axil" name="write_delta_sse_and_read/idle_inserter=None/backpressure_inserter=cycle_pause" time="0.004"><properties><property name="cocotb" value="True" /><property name="random_seed" value="1788765943" /><property name="file" value="/home/kate/src/repos/FPGA-accelerated-triangle-optimizer/FPGA/test_axil.py" /><property name="line" value="151" /><property name="sim_time_unit" value="ns" /><property name="sim_time_start" value="4450.009" /><property name="sim_time_stop" value="4600.009" /><property name="sim_time_duration" value="150.0" /><property name="sim_time_ratio" value="34568.86247105959" /></properties></testcase><testcase classname="test_axil" name="write_delta_sse_and_read/idle_inserter=cycle_pause/backpressure_inserter=None" time="0.004"><properties><property name="cocotb" value="True" /><property name="random_seed" value="1788765943" /><property name="file" value="/home/kate/src/repos/FPGA-accelerated-triangle-optimizer/FPGA/test_axil.py" /><property name="line" value="151" /><property name="sim_time_unit" value="ns" /><property name="sim_time_start" value="4600.01" /><property name="sim_time_stop" value="4750.01" /><property name="sim_time_duration" value="150.0" /><property name="sim_time_ratio" value="36822.819199081154" /></properties></testcase><testcase classname="test_axil" name="write_delta_sse_and_read/idle_inserter=cycle_pause/backpressure_inserter=cycle_pause" time="0.004"><properties><property name="cocotb" value="True" /><property name="random_seed" value="1788765943" /><property name="file" value="/home/kate/src/repos/FPGA-accelerated-triangle-optimizer/FPGA/test_axil.py" /><property name="line" value="151" /><property name="sim_time_unit" value="ns" /><property name="sim_time_start" value="4750.011" /><property name="sim_time_stop" value="4900.011" /><property name="sim_time_duration" value="150.0" /><property name="sim_time_ratio" value="33719.193286299174" /></properties></testcase><testcase classname="test_axil" name="passthough_packing/idle_inserter=None/backpressure_inserter=None" time="0.005"><properties><property name="cocotb" value="True" /><property name="random_seed" value="1788765943" /><property name="file" value="/home/kate/src/repos/FPGA-accelerated-triangle-optimizer/FPGA/test_axil.py" /><property name="line" value="167" /><property name="sim_time_unit" value="ns" /><property name="sim_time_start" value="4900.012" /><property name="sim_time_stop" value="5160.012" /><property name="sim_time_duration" value="260.0" /><property name="sim_time_ratio" value="53520.51759484238" /></properties></testcase><testcase classname="test_axil" name="passthough_packing/idle_inserter=None/backpressure_inserter=cycle_pause" time="0.005"><properties><property name="cocotb" value="True" /><property name="random_seed" value="1788765943" /><property name="file" value="/home/kate/src/repos/FPGA-accelerated-triangle-optimizer/FPGA/test_axil.py" /><property name="line" value="167" /><property name="sim_time_unit" value="ns" /><property name="sim_time_start" value="5160.013" /><property name="sim_time_stop" value="5430.013" /><property name="sim_time_duration" value="270.0" /><property name="sim_time_ratio" value="49444.155980839365" /></properties></testcase><testcase classname="test_axil" name="passthough_packing/idle_inserter=cycle_pause/backpressure_inserter=None" time="0.005"><properties><property name="cocotb" value="True" /><property name="random_seed" value="1788765943" /><property name="file" value="/home/kate/src/repos/FPGA-accelerated-triangle-optimizer/FPGA/test_axil.py" /><property name="line" value="167" /><property name="sim_time_unit" value="ns" /><property name="sim_time_start" value="5430.014" /><property name="sim_time_stop" value="5710.014" /><property name="sim_time_duration" value="280.0" /><property name="sim_time_ratio" value="54833.88123958299" /></properties></testcase><testcase classname="test_axil" name="passthough_packing/idle_inserter=cycle_pause/backpressure_inserter=cycle_pause" time="0.007"><properties><property name="cocotb" value="True" /><property name="random_seed" value="1788765943" /><property name="file" value="/home/kate/src/repos/FPGA-accelerated-triangle-optimizer/FPGA/test_axil.py" /><property name="line" value="167" /><property name="sim_time_unit" value="ns" /><property name="sim_time_start" value="5710.015" /><property name="sim_time_stop" value="6180.015" /><property name="sim_time_duration" value="470.0" /><property name="sim_time_ratio" value="72019.97762374186" /></properties></testcase><testcase classname="test_axil" name="ctrl_start_pulse/idle_inserter=None/backpressure_inserter=None" time="0.004"><properties><property name="cocotb" value="True" /><property name="random_seed" value="1788765943" /><property name="file" value="/home/kate/src/repos/FPGA-accelerated-triangle-optimizer/FPGA/test_axil.py" /><property name="line" value="193" /><property name="sim_time_unit" value="ns" /><property name="sim_time_start" value="6180.016" /><property name="sim_time_stop" value="6320.016" /><property name="sim_time_duration" value="140.0" /><property name="sim_time_ratio" value="34995.35449223983" /></properties></testcase><testcase classname="test_axil" name="ctrl_start_pulse/idle_inserter=None/backpressure_inserter=cycle_pause" time="0.004"><properties><property name="cocotb" value="True" /><property name="random_seed" value="1788765943" /><property name="file" value="/home/kate/src/repos/FPGA-accelerated-triangle-optimizer/FPGA/test_axil.py" /><property name="line" value="193" /><property name="sim_time_unit" value="ns" /><property name="sim_time_start" value="6320.017" /><property name="sim_time_stop" value="6470.017" /><property name="sim_time_duration" value="150.0" /><property name="sim_time_ratio" value="35062.917225360026" /></properties></testcase><testcase classname="test_axil" name="ctrl_start_pulse/idle_inserter=cycle_pause/backpressure_inserter=None" time="0.005"><properties><property name="cocotb" value="True" /><property name="random_seed" value="1788765943" /><property name="file" value="/home/kate/src/repos/FPGA-accelerated-triangle-optimizer/FPGA/test_axil.py" /><property name="line" value="193" /><property name="sim_time_unit" value="ns" /><property name="sim_time_start" value="6470.018" /><property name="sim_time_stop" value="6660.018" /><property name="sim_time_duration" value="190.0" /><property name="sim_time_ratio" value="41807.62078424019" /></properties></testcase><testcase classname="test_axil" name="ctrl_start_pulse/idle_inserter=cycle_pause/backpressure_inserter=cycle_pause" time="0.004"><properties><property name="cocotb" value="True" /><property name="random_seed" value="1788765943" /><property name="file" value="/home/kate/src/repos/FPGA-accelerated-triangle-optimizer/FPGA/test_axil.py" /><property name="line" value="193" /><property name="sim_time_unit" value="ns" /><property name="sim_time_start" value="6660.019" /><property name="sim_time_stop" value="6850.019" /><property name="sim_time_duration" value="190.0" /><property name="sim_time_ratio" value="42675.57894683996" /></properties></testcase><testcase classname="test_axil" name="pixel_stream_data" time="0.006"><properties><property name="cocotb" value="True" /><property name="random_seed" value="1788765943" /><property name="file" value="/home/kate/src/repos/FPGA-accelerated-triangle-optimizer/FPGA/test_axil.py" /><property name="line" value="214" /><property name="sim_time_unit" value="ns" /><property name="sim_time_start" value="6850.02" /><property name="sim_time_stop" value="7040.02" /><property name="sim_time_duration" value="190.0" /><property name="sim_time_ratio" value="30578.362390040314" /></properties></testcase><testcase classname="test_axil" name="pixel_stream_data_backpressure" time="0.005"><properties><property name="cocotb" value="True" /><property name="random_seed" value="1788765943" /><property name="file" value="/home/kate/src/repos/FPGA-accelerated-triangle-optimizer/FPGA/test_axil.py" /><property name="line" value="239" /><property name="sim_time_unit" value="ns" /><property name="sim_time_start" value="7040.021" /><property name="sim_time_stop" value="7230.021" /><property name="sim_time_duration" value="190.0" /><property name="sim_time_ratio" value="41911.453464116756" /></properties></testcase></testsuite></testsuites>