<?xml version='1.0' encoding='utf-8'?>
<testsuites name="cocotb tests"><testsuite name="test_axil" errors="0" failures="0" skipped="1" tests="23" time="0.129" timestamp="2026-09-08T19:16:53.016854+00:00" hostname="archlinux"><testcase classname="test_axil" name="write_read_all_regs/idle_inserter=None/backpressure_inserter=None" time="0.008"><properties><property name="cocotb" value="True" /><property name="random_seed" value="1788895012" /><property name="file" value="/home/kate/src/repos/FPGA-accelerated-triangle-optimizer/FPGA/test_axil.py" /><property name="line" value="94" /><property name="sim_time_unit" value="ns" /><property name="sim_time_start" value="0.0" /><property name="sim_time_stop" value="400.0" /><property name="sim_time_duration" value="400.0" /><property name="sim_time_ratio" value="48580.90349037362" /></properties></testcase><testcase classname="test_axil" name="write_read_all_regs/idle_inserter=None/backpressure_inserter=cycle_pause" time="0.007"><properties><property name="cocotb" value="True" /><property name="random_seed" value="1788895012" /><property name="file" value="/home/kate/src/repos/FPGA-accelerated-triangle-optimizer/FPGA/test_axil.py" /><property name="line" value="94" /><property name="sim_time_unit" value="ns" /><property name="sim_time_start" value="400.001" /><property name="sim_time_stop" value="870.001" /><property name="sim_time_duration" value="470.0" /><property name="sim_time_ratio" value="66090.36814299843" /></properties></testcase><testcase classname="test_axil" name="write_read_all_regs/idle_inserter=cycle_pause/backpressure_inserter=None" time="0.006"><properties><property name="cocotb" value="True" /><property name="random_seed" value="1788895012" /><property name="file" value="/home/kate/src/repos/FPGA-accelerated-triangle-optimizer/FPGA/test_axil.py" /><property name="line" value="94" /><property name="sim_time_unit" value="ns" /><property name="sim_time_start" value="870.002" /><property name="sim_time_stop" value="1340.002" /><property name="sim_time_duration" value="470.0" /><property name="sim_time_ratio" value="72423.20173837099" /></properties></testcase><testcase classname="test_axil" name="write_read_all_regs/idle_inserter=cycle_pause/backpressure_inserter=cycle_pause" time="0.008"><properties><property name="cocotb" value="True" /><property name="random_seed" value="1788895012" /><property name="file" value="/home/kate/src/repos/FPGA-accelerated-triangle-optimizer/FPGA/test_axil.py" /><property name="line" value="94" /><property name="sim_time_unit" value="ns" /><property name="sim_time_start" value="1340.003" /><property name="sim_time_stop" value="2010.003" /><property name="sim_time_duration" value="670.0" /><property name="sim_time_ratio" value="82539.47554930301" /></properties></testcase><testcase classname="test_axil" name="reset_regs/idle_inserter=None/backpressure_inserter=None" time="0.007"><properties><property name="cocotb" value="True" /><property name="random_seed" value="1788895012" /><property name="file" value="/home/kate/src/repos/FPGA-accelerated-triangle-optimizer/FPGA/test_axil.py" /><property name="line" value="113" /><property name="sim_time_unit" value="ns" /><property name="sim_time_start" value="2010.004" /><property name="sim_time_stop" value="2480.004" /><property name="sim_time_duration" value="470.0" /><property name="sim_time_ratio" value="68227.05392601075" /></properties></testcase><testcase classname="test_axil" name="reset_regs/idle_inserter=None/backpressure_inserter=cycle_pause" time="0.008"><properties><property name="cocotb" value="True" /><property name="random_seed" value="1788895012" /><property name="file" value="/home/kate/src/repos/FPGA-accelerated-triangle-optimizer/FPGA/test_axil.py" /><property name="line" value="113" /><property name="sim_time_unit" value="ns" /><property name="sim_time_start" value="2480.005" /><property name="sim_time_stop" value="3030.005" /><property name="sim_time_duration" value="550.0" /><property name="sim_time_ratio" value="68858.38237201495" /></properties></testcase><testcase classname="test_axil" name="reset_regs/idle_inserter=cycle_pause/backpressure_inserter=None" time="0.007"><properties><property name="cocotb" value="True" /><property name="random_seed" value="1788895012" /><property name="file" value="/home/kate/src/repos/FPGA-accelerated-triangle-optimizer/FPGA/test_axil.py" /><property name="line" value="113" /><property name="sim_time_unit" value="ns" /><property name="sim_time_start" value="3030.006" /><property name="sim_time_stop" value="3580.006" /><property name="sim_time_duration" value="550.0" /><property name="sim_time_ratio" value="73348.7266528387" /></properties></testcase><testcase classname="test_axil" name="reset_regs/idle_inserter=cycle_pause/backpressure_inserter=cycle_pause" time="0.009"><properties><property name="cocotb" value="True" /><property name="random_seed" value="1788895012" /><property name="file" value="/home/kate/src/repos/FPGA-accelerated-triangle-optimizer/FPGA/test_axil.py" /><property name="line" value="113" /><property name="sim_time_unit" value="ns" /><property name="sim_time_start" value="3580.007" /><property name="sim_time_stop" value="4330.007" /><property name="sim_time_duration" value="749.9999999999995" /><property name="sim_time_ratio" value="81091.84609834856" /></properties></testcase><testcase classname="test_axil" name="partial_writes" time="0.000"><skipped message="Test was skipped" /><properties><property name="cocotb" value="True" /><property name="file" value="/home/kate/src/repos/FPGA-accelerated-triangle-optimizer/FPGA/test_axil.py" /><property name="line" value="133" /></properties></testcase><testcase classname="test_axil" name="write_delta_sse_and_read/idle_inserter=None/backpressure_inserter=None" time="0.004"><properties><property name="cocotb" value="True" /><property name="random_seed" value="1788895012" /><property name="file" value="/home/kate/src/repos/FPGA-accelerated-triangle-optimizer/FPGA/test_axil.py" /><property name="line" value="137" /><property name="sim_time_unit" value="ns" /><property name="sim_time_start" value="4330.008" /><property name="sim_time_stop" value="4450.008" /><property name="sim_time_duration" value="120.0" /><property name="sim_time_ratio" value="30553.911570413948" /></properties></testcase><testcase classname="test_axil" name="write_delta_sse_and_read/idle_inserter=None/backpressure_inserter=cycle_pause" time="0.004"><properties><property name="cocotb" value="True" /><property name="random_seed" value="1788895012" /><property name="file" value="/home/kate/src/repos/FPGA-accelerated-triangle-optimizer/FPGA/test_axil.py" /><property name="line" value="137" /><property name="sim_time_unit" value="ns" /><property name="sim_time_start" value="4450.009" /><property name="sim_time_stop" value="4600.009" /><property name="sim_time_duration" value="150.0" /><property name="sim_time_ratio" value="34179.50391938573" /></properties></testcase><testcase classname="test_axil" name="write_delta_sse_and_read/idle_inserter=cycle_pause/backpressure_inserter=None" time="0.004"><properties><property name="cocotb" value="True" /><property name="random_seed" value="1788895012" /><property name="file" value="/home/kate/src/repos/FPGA-accelerated-triangle-optimizer/FPGA/test_axil.py" /><property name="line" value="137" /><property name="sim_time_unit" value="ns" /><property name="sim_time_start" value="4600.01" /><property name="sim_time_stop" value="4750.01" /><property name="sim_time_duration" value="150.0" /><property name="sim_time_ratio" value="35967.47992498274" /></properties></testcase><testcase classname="test_axil" name="write_delta_sse_and_read/idle_inserter=cycle_pause/backpressure_inserter=cycle_pause" time="0.005"><properties><property name="cocotb" value="True" /><property name="random_seed" value="1788895012" /><property name="file" value="/home/kate/src/repos/FPGA-accelerated-triangle-optimizer/FPGA/test_axil.py" /><property name="line" value="137" /><property name="sim_time_unit" value="ns" /><property name="sim_time_start" value="4750.011" /><property name="sim_time_stop" value="4900.011" /><property name="sim_time_duration" value="150.0" /><property name="sim_time_ratio" value="33274.1424089392" /></properties></testcase><testcase classname="test_axil" name="passthough_packing/idle_inserter=None/backpressure_inserter=None" time="0.005"><properties><property name="cocotb" value="True" /><property name="random_seed" value="1788895012" /><property name="file" value="/home/kate/src/repos/FPGA-accelerated-triangle-optimizer/FPGA/test_axil.py" /><property name="line" value="153" /><property name="sim_time_unit" value="ns" /><property name="sim_time_start" value="4900.012" /><property name="sim_time_stop" value="5160.012" /><property name="sim_time_duration" value="260.0" /><property name="sim_time_ratio" value="53147.703335418584" /></properties></testcase><testcase classname="test_axil" name="passthough_packing/idle_inserter=None/backpressure_inserter=cycle_pause" time="0.005"><properties><property name="cocotb" value="True" /><property name="random_seed" value="1788895012" /><property name="file" value="/home/kate/src/repos/FPGA-accelerated-triangle-optimizer/FPGA/test_axil.py" /><property name="line" value="153" /><property name="sim_time_unit" value="ns" /><property name="sim_time_start" value="5160.013" /><property name="sim_time_stop" value="5430.013" /><property name="sim_time_duration" value="270.0" /><property name="sim_time_ratio" value="49717.99757283947" /></properties></testcase><testcase classname="test_axil" name="passthough_packing/idle_inserter=cycle_pause/backpressure_inserter=None" time="0.005"><properties><property name="cocotb" value="True" /><property name="random_seed" value="1788895012" /><property name="file" value="/home/kate/src/repos/FPGA-accelerated-triangle-optimizer/FPGA/test_axil.py" /><property name="line" value="153" /><property name="sim_time_unit" value="ns" /><property name="sim_time_start" value="5430.014" /><property name="sim_time_stop" value="5710.014" /><property name="sim_time_duration" value="280.0" /><property name="sim_time_ratio" value="55087.88764880393" /></properties></testcase><testcase classname="test_axil" name="passthough_packing/idle_inserter=cycle_pause/backpressure_inserter=cycle_pause" time="0.007"><properties><property name="cocotb" value="True" /><property name="random_seed" value="1788895012" /><property name="file" value="/home/kate/src/repos/FPGA-accelerated-triangle-optimizer/FPGA/test_axil.py" /><property name="line" value="153" /><property name="sim_time_unit" value="ns" /><property name="sim_time_start" value="5710.015" /><property name="sim_time_stop" value="6180.015" /><property name="sim_time_duration" value="470.0" /><property name="sim_time_ratio" value="71699.87645320868" /></properties></testcase><testcase classname="test_axil" name="ctrl_start_pulse/idle_inserter=None/backpressure_inserter=None" time="0.004"><properties><property name="cocotb" value="True" /><property name="random_seed" value="1788895012" /><property name="file" value="/home/kate/src/repos/FPGA-accelerated-triangle-optimizer/FPGA/test_axil.py" /><property name="line" value="179" /><property name="sim_time_unit" value="ns" /><property name="sim_time_start" value="6180.016" /><property name="sim_time_stop" value="6320.016" /><property name="sim_time_duration" value="140.0" /><property name="sim_time_ratio" value="34796.14666863999" /></properties></testcase><testcase classname="test_axil" name="ctrl_start_pulse/idle_inserter=None/backpressure_inserter=cycle_pause" time="0.004"><properties><property name="cocotb" value="True" /><property name="random_seed" value="1788895012" /><property name="file" value="/home/kate/src/repos/FPGA-accelerated-triangle-optimizer/FPGA/test_axil.py" /><property name="line" value="179" /><property name="sim_time_unit" value="ns" /><property name="sim_time_start" value="6320.017" /><property name="sim_time_stop" value="6470.017" /><property name="sim_time_duration" value="150.0" /><property name="sim_time_ratio" value="35235.12931678058" /></properties></testcase><testcase classname="test_axil" name="ctrl_start_pulse/idle_inserter=cycle_pause/backpressure_inserter=None" time="0.005"><properties><property name="cocotb" value="True" /><property name="random_seed" value="1788895012" /><property name="file" value="/home/kate/src/repos/FPGA-accelerated-triangle-optimizer/FPGA/test_axil.py" /><property name="line" value="179" /><property name="sim_time_unit" value="ns" /><property name="sim_time_start" value="6470.018" /><property name="sim_time_stop" value="6660.018" /><property name="sim_time_duration" value="190.0" /><property name="sim_time_ratio" value="41789.055620834646" /></properties></testcase><testcase classname="test_axil" name="ctrl_start_pulse/idle_inserter=cycle_pause/backpressure_inserter=cycle_pause" time="0.004"><properties><property name="cocotb" value="True" /><property name="random_seed" value="1788895012" /><property name="file" value="/home/kate/src/repos/FPGA-accelerated-triangle-optimizer/FPGA/test_axil.py" /><property name="line" value="179" /><property name="sim_time_unit" value="ns" /><property name="sim_time_start" value="6660.019" /><property name="sim_time_stop" value="6850.019" /><property name="sim_time_duration" value="190.0" /><property name="sim_time_ratio" value="42733.93742437684" /></properties></testcase><testcase classname="test_axil" name="pixel_stream_data" time="0.006"><properties><property name="cocotb" value="True" /><property name="random_seed" value="1788895012" /><property name="file" value="/home/kate/src/repos/FPGA-accelerated-triangle-optimizer/FPGA/test_axil.py" /><property name="line" value="200" /><property name="sim_time_unit" value="ns" /><property name="sim_time_start" value="6850.02" /><property name="sim_time_stop" value="7040.02" /><property name="sim_time_duration" value="190.0" /><property name="sim_time_ratio" value="29977.764240180128" /></properties></testcase><testcase classname="test_axil" name="pixel_stream_data_backpressure" time="0.005"><properties><property name="cocotb" value="True" /><property name="random_seed" value="1788895012" /><property name="file" value="/home/kate/src/repos/FPGA-accelerated-triangle-optimizer/FPGA/test_axil.py" /><property name="line" value="225" /><property name="sim_time_unit" value="ns" /><property name="sim_time_start" value="7040.021" /><property name="sim_time_stop" value="7230.021" /><property name="sim_time_duration" value="190.0" /><property name="sim_time_ratio" value="41667.98227316518" /></properties></testcase></testsuite></testsuites>