<?xml version='1.0' encoding='utf-8'?>
<testsuites name="cocotb tests"><testsuite name="test_render_master" errors="0" failures="0" skipped="0" tests="1" time="0.002" timestamp="2026-09-08T04:31:00.113438+00:00" hostname="archlinux"><testcase classname="test_render_master" name="reset" time="0.002"><properties><property name="cocotb" value="True" /><property name="random_seed" value="1788841860" /><property name="file" value="/home/kate/src/repos/FPGA-accelerated-triangle-optimizer/FPGA/test_render_master.py" /><property name="line" value="35" /><property name="sim_time_unit" value="ns" /><property name="sim_time_start" value="0.0" /><property name="sim_time_stop" value="170.0" /><property name="sim_time_duration" value="170.0" /><property name="sim_time_ratio" value="108838.86948176376" /></properties></testcase></testsuite></testsuites>