<?xml version='1.0' encoding='utf-8'?>
<testsuites name="cocotb tests"><testsuite name="test_render_worker" errors="0" failures="0" skipped="0" tests="1" time="0.001" timestamp="2026-09-08T08:22:55.024188+00:00" hostname="archlinux"><testcase classname="test_render_worker" name="per_pixel_sse" time="0.001"><properties><property name="cocotb" value="True" /><property name="random_seed" value="1788855774" /><property name="file" value="/home/kate/src/repos/FPGA-accelerated-triangle-optimizer/FPGA/test_render_worker.py" /><property name="line" value="37" /><property name="sim_time_unit" value="ns" /><property name="sim_time_start" value="0.0" /><property name="sim_time_stop" value="80.0" /><property name="sim_time_duration" value="80.0" /><property name="sim_time_ratio" value="94147.10286663123" /></properties></testcase></testsuite></testsuites>