<?xml version='1.0' encoding='utf-8'?>
<testsuites name="cocotb tests"><testsuite name="test_render_master" errors="0" failures="0" skipped="0" tests="2" time="0.003" timestamp="2026-09-08T19:16:54.396893+00:00" hostname="archlinux"><testcase classname="test_render_master" name="single_row_test" time="0.001"><properties><property name="cocotb" value="True" /><property name="random_seed" value="1788895014" /><property name="file" value="/home/kate/src/repos/FPGA-accelerated-triangle-optimizer/FPGA/test_render_master.py" /><property name="line" value="36" /><property name="sim_time_unit" value="ns" /><property name="sim_time_start" value="0.0" /><property name="sim_time_stop" value="110.0" /><property name="sim_time_duration" value="110.0" /><property name="sim_time_ratio" value="74784.40495608549" /></properties></testcase><testcase classname="test_render_master" name="multi_row_test" time="0.002"><properties><property name="cocotb" value="True" /><property name="random_seed" value="1788895014" /><property name="file" value="/home/kate/src/repos/FPGA-accelerated-triangle-optimizer/FPGA/test_render_master.py" /><property name="line" value="85" /><property name="sim_time_unit" value="ns" /><property name="sim_time_start" value="110.001" /><property name="sim_time_stop" value="440.001" /><property name="sim_time_duration" value="330.0" /><property name="sim_time_ratio" value="173095.95686606673" /></properties></testcase></testsuite></testsuites>