<?xml version='1.0' encoding='utf-8'?>
<testsuites name="cocotb tests"><testsuite name="test_render_worker" errors="0" failures="0" skipped="0" tests="2" time="0.009" timestamp="2026-09-08T19:32:07.170976+00:00" hostname="archlinux"><testcase classname="test_render_worker" name="per_pixel_sse" time="0.005"><properties><property name="cocotb" value="True" /><property name="random_seed" value="1788895927" /><property name="file" value="/home/kate/src/repos/FPGA-accelerated-triangle-optimizer/FPGA/test_render_worker.py" /><property name="line" value="36" /><property name="sim_time_unit" value="ns" /><property name="sim_time_start" value="0.0" /><property name="sim_time_stop" value="570.0" /><property name="sim_time_duration" value="570.0" /><property name="sim_time_ratio" value="126019.54190133416" /></properties></testcase><testcase classname="test_render_worker" name="accumulator" time="0.005"><properties><property name="cocotb" value="True" /><property name="random_seed" value="1788895927" /><property name="file" value="/home/kate/src/repos/FPGA-accelerated-triangle-optimizer/FPGA/test_render_worker.py" /><property name="line" value="83" /><property name="sim_time_unit" value="ns" /><property name="sim_time_start" value="570.001" /><property name="sim_time_stop" value="1160.001" /><property name="sim_time_duration" value="590.0" /><property name="sim_time_ratio" value="123768.06198194274" /></properties></testcase></testsuite></testsuites>