<?xml version='1.0' encoding='utf-8'?>
<testsuites name="cocotb tests"><testsuite name="test_pixel_indexer" errors="0" failures="0" skipped="0" tests="2" time="0.003" timestamp="2026-09-08T08:22:53.747507+00:00" hostname="archlinux"><testcase classname="test_pixel_indexer" name="counting" time="0.002"><properties><property name="cocotb" value="True" /><property name="random_seed" value="1788855773" /><property name="file" value="/home/kate/src/repos/FPGA-accelerated-triangle-optimizer/FPGA/test_pixel_indexer.py" /><property name="line" value="35" /><property name="sim_time_unit" value="ns" /><property name="sim_time_start" value="0.0" /><property name="sim_time_stop" value="300.0" /><property name="sim_time_duration" value="300.0" /><property name="sim_time_ratio" value="197401.41900298424" /></properties></testcase><testcase classname="test_pixel_indexer" name="counting_with_backpressure" time="0.001"><properties><property name="cocotb" value="True" /><property name="random_seed" value="1788855773" /><property name="file" value="/home/kate/src/repos/FPGA-accelerated-triangle-optimizer/FPGA/test_pixel_indexer.py" /><property name="line" value="52" /><property name="sim_time_unit" value="ns" /><property name="sim_time_start" value="300.001" /><property name="sim_time_stop" value="610.001" /><property name="sim_time_duration" value="310.0" /><property name="sim_time_ratio" value="251558.84952964968" /></properties></testcase></testsuite></testsuites>